<?xml version="1.0" encoding="UTF-8"?>
<!-- Generated by org.testng.reporters.JUnitXMLReporter -->
<testsuite ignored="0" hostname="PIYUSH" failures="0" tests="4" name="ChromeTest" time="185.977" errors="0" timestamp="19 May 2021 03:57:39 GMT">
  <testcase classname="testcases.RegressionTest" name="launchURL" time="55.627"/>
  <testcase classname="testcases.RegressionTest" name="upBikes" time="48.917"/>
  <testcase classname="testcases.RegressionTest" name="usedCars" time="41.338"/>
  <testcase classname="testcases.RegressionTest" name="googleSignIn" time="38.133"/>
</testsuite> <!-- ChromeTest -->
